c:\users\liaokaimin\desktop\tlmalloc\tlmalloc\x64\debug\vc142.pdb
c:\users\liaokaimin\desktop\tlmalloc\tlmalloc\x64\debug\vc142.idb
c:\users\liaokaimin\desktop\tlmalloc\tlmalloc\x64\debug\spanlist.obj
c:\users\liaokaimin\desktop\tlmalloc\tlmalloc\x64\debug\tinymalloc.obj
c:\users\liaokaimin\desktop\tlmalloc\tlmalloc\x64\debug\threadcache.obj
c:\users\liaokaimin\desktop\tlmalloc\tlmalloc\x64\debug\pagecache.obj
c:\users\liaokaimin\desktop\tlmalloc\tlmalloc\x64\debug\centralcache.obj
c:\users\liaokaimin\desktop\tlmalloc\tlmalloc\x64\debug\main.obj
c:\users\liaokaimin\desktop\tlmalloc\tlmalloc\x64\debug\util.obj
c:\users\liaokaimin\desktop\tlmalloc\tlmalloc\x64\debug\span.obj
c:\users\liaokaimin\desktop\tlmalloc\tlmalloc\x64\debug\chunklist.obj
c:\users\liaokaimin\desktop\tlmalloc\x64\debug\tlmalloc.exe
c:\users\liaokaimin\desktop\tlmalloc\tlmalloc\x64\debug\tlmalloc.ilk
c:\users\liaokaimin\desktop\tlmalloc\x64\debug\tlmalloc.pdb
c:\users\liaokaimin\desktop\tlmalloc\tlmalloc\x64\debug\main.obj.enc
c:\users\liaokaimin\desktop\tlmalloc\tlmalloc\x64\debug\tlmalloc.tlog\cl.command.1.tlog
c:\users\liaokaimin\desktop\tlmalloc\tlmalloc\x64\debug\tlmalloc.tlog\cl.read.1.tlog
c:\users\liaokaimin\desktop\tlmalloc\tlmalloc\x64\debug\tlmalloc.tlog\cl.write.1.tlog
c:\users\liaokaimin\desktop\tlmalloc\tlmalloc\x64\debug\tlmalloc.tlog\link.command.1.tlog
c:\users\liaokaimin\desktop\tlmalloc\tlmalloc\x64\debug\tlmalloc.tlog\link.read.1.tlog
c:\users\liaokaimin\desktop\tlmalloc\tlmalloc\x64\debug\tlmalloc.tlog\link.write.1.tlog
