c:\users\liaokaimin\desktop\tlmalloc\tlmalloc\x64\release\vc142.pdb
c:\users\liaokaimin\desktop\tlmalloc\tlmalloc\x64\release\tinymalloc.obj
c:\users\liaokaimin\desktop\tlmalloc\tlmalloc\x64\release\threadcache.obj
c:\users\liaokaimin\desktop\tlmalloc\tlmalloc\x64\release\pagecache.obj
c:\users\liaokaimin\desktop\tlmalloc\tlmalloc\x64\release\main.obj
c:\users\liaokaimin\desktop\tlmalloc\tlmalloc\x64\release\util.obj
c:\users\liaokaimin\desktop\tlmalloc\tlmalloc\x64\release\spanlist.obj
c:\users\liaokaimin\desktop\tlmalloc\tlmalloc\x64\release\span.obj
c:\users\liaokaimin\desktop\tlmalloc\tlmalloc\x64\release\chunklist.obj
c:\users\liaokaimin\desktop\tlmalloc\tlmalloc\x64\release\centralcache.obj
c:\users\liaokaimin\desktop\tlmalloc\x64\release\tlmalloc.exe
c:\users\liaokaimin\desktop\tlmalloc\tlmalloc\x64\release\tlmalloc.ipdb
c:\users\liaokaimin\desktop\tlmalloc\tlmalloc\x64\release\tlmalloc.iobj
c:\users\liaokaimin\desktop\tlmalloc\x64\release\tlmalloc.pdb
c:\users\liaokaimin\desktop\tlmalloc\tlmalloc\x64\release\tlmalloc.tlog\cl.command.1.tlog
c:\users\liaokaimin\desktop\tlmalloc\tlmalloc\x64\release\tlmalloc.tlog\cl.read.1.tlog
c:\users\liaokaimin\desktop\tlmalloc\tlmalloc\x64\release\tlmalloc.tlog\cl.write.1.tlog
c:\users\liaokaimin\desktop\tlmalloc\tlmalloc\x64\release\tlmalloc.tlog\link.command.1.tlog
c:\users\liaokaimin\desktop\tlmalloc\tlmalloc\x64\release\tlmalloc.tlog\link.read.1.tlog
c:\users\liaokaimin\desktop\tlmalloc\tlmalloc\x64\release\tlmalloc.tlog\link.write.1.tlog
